grep: ;;: No such file or directory
;; Generated by Hzcc0.1.0_5c55c46(pyrite-n3.cs.iastate.edu)
;; From Language: c
;; Source Path: user.c
            ;; local 0 a user.c 3
            ;; return user.c 5
            ;; local 0 b user.c 10
            ;; expression user.c 10
            ;; expression user.c 11
            ;; return user.c 12
            ;; local 0 a user.c 15
            ;; local 1 b user.c 15
            ;; local 2 c user.c 15
            ;; local 3 f user.c 15
            ;; local 4 d user.c 17
            ;; local 5 e user.c 17
            ;; expression user.c 17
            ;; expression user.c 17
            ;; expression user.c 18
            ;; return user.c 19
            ;; expression user.c 24
            ;; return user.c 25
    .method public static func1 : (I)V
    .end method
    .method public static func2 : ()V
    .end method
    .method public static func3 : (IICF)V
    .end method
    .method public static func4 : ()I
    .end method
; Special methods
.method <init> : ()V
.end method
.method public static main : ([Ljava/lang/String;)V
.end method
        .code stack 20 locals 1
        .end code
        .code stack 21 locals 1
        .end code
        .code stack 24 locals 6
        .end code
        .code stack 24 locals 0
        .end code
    .code stack 1 locals 1
    .end code
    .code stack 2 locals 2
        ldc 'Return code: '
    .end code
;; Generated by Hzcc0.1.0_5c55c46(pyrite-n3.cs.iastate.edu)
;; From Language: c
;; Source Path: user.c
.class public user
.super java/lang/Object
    .field public static x I
    .method public static func1 : (I)V
        .code stack 20 locals 1
            ;; local 0 a user.c 3
            ;; return user.c 5
        L_LINE_0:
            return
            .linenumbertable
                L_LINE_0 5
            .end linenumbertable
        .end code
    .end method
    
    .method public static func2 : ()V
        .code stack 21 locals 1
            ;; local 0 b user.c 10
            ;; expression user.c 10
        L_LINE_0:
            ;; expression user.c 11
        L_LINE_1:
            iload 0
            putstatic Field user x I
            ;; return user.c 12
        L_LINE_2:
            return
            .linenumbertable
                L_LINE_0 10
                L_LINE_1 11
                L_LINE_2 12
            .end linenumbertable
        .end code
    .end method
    
    .method public static func3 : (IICF)V
        .code stack 24 locals 6
            ;; local 0 a user.c 15
            ;; local 1 b user.c 15
            ;; local 2 c user.c 15
            ;; local 3 f user.c 15
            ;; local 4 d user.c 17
            ;; local 5 e user.c 17
            ;; expression user.c 17
        L_LINE_0:
            ;; expression user.c 17
        L_LINE_1:
            ;; expression user.c 18
        L_LINE_2:
            iload 0
            iload 1
            iload 2
            fload 3
            f2i
            iadd
            iadd
            iadd
            putstatic Field user x I
            ;; return user.c 19
        L_LINE_3:
            return
            .linenumbertable
                L_LINE_0 17
                L_LINE_1 17
                L_LINE_2 18
                L_LINE_3 19
            .end linenumbertable
        .end code
    .end method
    
    .method public static func4 : ()I
        .code stack 24 locals 0
            ;; expression user.c 24
        L_LINE_0:
            iconst_1
            iconst_2
            bipush 51
            ldc 4.000000
            invokestatic Method user func3 (IICF)V
            ;; return user.c 25
        L_LINE_1:
            iconst_5
            ireturn
            .linenumbertable
                L_LINE_0 24
                L_LINE_1 25
            .end linenumbertable
        .end code
    .end method
    

; Special methods

.method <init> : ()V
    .code stack 1 locals 1
        aload_0
        invokespecial Method java/lang/Object <init> ()V
        return
    .end code
.end method

.method public static main : ([Ljava/lang/String;)V
    .code stack 2 locals 2
        invokestatic Method user main ()I
        istore_1
        getstatic Field java/lang/System out Ljava/io/PrintStream;
        ldc 'Return code: '
        invokevirtual Method java/io/PrintStream print (Ljava/lang/String;)V
        getstatic Field java/lang/System out Ljava/io/PrintStream;
        iload_1
        invokevirtual Method java/io/PrintStream println (I)V

        return
    .end code
.end method
.sourcefile 'user.c'
.end class
Running tests using compiler:
  | My bare-bones C compiler (for COM 440/540)
  | 	Written by Hanze Chen (hanzech@iastate.edu)
  | 	Version 0.1.0_5c55c46(pyrite-n3.cs.iastate.edu)
  | 	2022-05-16 13:47:09
  | 

fcall1.c
[1;32m    No compile errors[0;39m, running assembler
[1;31m    Target code assembly failed:[0;39m
        | fcall1.j:2:1: error: Expected '.class' or '.version'.
        | 
        | ^
fcall2.c
[1;32m    No compile errors[0;39m, running assembler
[1;31m    Target code assembly failed:[0;39m
        | fcall2.j:2:1: error: Expected '.class' or '.version'.
        | 
        | ^
fcall3.c
[1;32m    No compile errors[0;39m, running assembler
[1;31m    Target code assembly failed:[0;39m
        | fcall3.j:2:1: error: Expected '.class' or '.version'.
        | 
        | ^
fcall4.c
[1;32m    No compile errors[0;39m, running assembler
[1;31m    Target code assembly failed:[0;39m
        | fcall4.j:2:1: error: Expected '.class' or '.version'.
        | 
        | ^
Running tests using compiler:
  | My bare-bones C compiler (for COM 440/540)
  | 	Written by Hanze Chen (hanzech@iastate.edu)
  | 	Version 0.1.0_5c55c46(pyrite-n3.cs.iastate.edu)
  | 	2022-05-16 13:47:09
  | 

fcall1.c
[1;32m    No compile errors[0;39m, running assembler
[1;32m    Target code assembles[0;39m, running tests
    [1;32moutput matches[0;39m on input fcall1.input1
    [1;32moutput matches[0;39m on input fcall1.input2
fcall2.c
[1;32m    No compile errors[0;39m, running assembler
[1;32m    Target code assembles[0;39m, running tests
    [1;32moutput matches[0;39m
fcall3.c
[1;32m    No compile errors[0;39m, running assembler
[1;32m    Target code assembles[0;39m, running tests
    Error: Unable to initialize main class fcall3
Caused by: java.lang.VerifyError: (class: fcall3, method: print signature: (F)I) Illegal type in constant pool
[1;31moutput differs[0;39m
         Expected output (first 20 lines):
         ---------------------------------------------------------
         | 6.2
         | Return code: 10
         ---------------------------------------------------------

         Given output (first 20 lines):
         ---------------------------------------------------------
         ---------------------------------------------------------
fcall4.c
[1;32m    No compile errors[0;39m, running assembler
[1;32m    Target code assembles[0;39m, running tests
    [1;32moutput matches[0;39m
Running tests using compiler:
  | My bare-bones C compiler (for COM 440/540)
  | 	Written by Hanze Chen (hanzech@iastate.edu)
  | 	Version 0.1.0_5c55c46(pyrite-n3.cs.iastate.edu)
  | 	2022-05-16 13:47:09
  | 
 
expr_literal1.c:  [1;32mNo compile errors[0;39m
        Test  1:  [1;32m#1[0;39m  [1;32mPASSED[0;39m
        Test  2:  [1;32m#1[0;39m  [1;32mPASSED[0;39m
        Test  3:  [1;32m#1[0;39m  [1;32mPASSED[0;39m
expr_literal2.c:  [1;32mNo compile errors[0;39m
        Test  1:  [1;32m#1[0;39m  [1;32mPASSED[0;39m
        Test  2:  [1;32m#1[0;39m  [1;32mPASSED[0;39m
        Test  3:  [1;32m#1[0;39m  [1;32mPASSED[0;39m
expr_literal3.c:  [1;32mNo compile errors[0;39m
        Test  1:  [1;32m#1[0;39m  [1;32mPASSED[0;39m
        Test  2:  [1;32m#1[0;39m  [1;32mPASSED[0;39m
        Test  3:  [1;32m#1[0;39m  [1;32mPASSED[0;39m
Running tests using compiler:
  | My bare-bones C compiler (for COM 440/540)
  | 	Written by Hanze Chen (hanzech@iastate.edu)
  | 	Version 0.1.0_5c55c46(pyrite-n3.cs.iastate.edu)
  | 	2022-05-16 13:47:09
  | 
 
expr_locals1.c :  [1;32mNo compile errors[0;39m
        Test  1:  [1;32m#1[0;39m  [1;32mPASSED[0;39m
        Test  2:  [1;32m#1[0;39m  [1;32mPASSED[0;39m
        Test  3:  [1;32m#1[0;39m  [1;32mPASSED[0;39m
        Test  4:  [1;32m#1[0;39m  [1;32mPASSED[0;39m
        Test  5:  [1;32m#1[0;39m  [1;32mPASSED[0;39m
        Test  6:  [1;32m#1[0;39m  [1;32mPASSED[0;39m
        Test  7:  [1;32m#1[0;39m  [1;32mPASSED[0;39m
        Test  8:  [1;32m#1[0;39m  [1;32mPASSED[0;39m
expr_locals2.c :  [1;32mNo compile errors[0;39m
        Test  1:  [1;32m#1[0;39m  [1;32mPASSED[0;39m
        Test  2:  [1;32m#1[0;39m  [1;32mPASSED[0;39m
        Test  3:  [1;32m#1[0;39m  [1;32mPASSED[0;39m
        Test  4:  [1;32m#1[0;39m  [1;32mPASSED[0;39m
        Test  5:  [1;32m#1[0;39m  [1;32mPASSED[0;39m
        Test  6:  [1;32m#1[0;39m  [1;32mPASSED[0;39m
        Test  7:  [1;32m#1[0;39m  [1;32mPASSED[0;39m
        Test  8:  [1;32m#1[0;39m  [1;32mPASSED[0;39m
Running tests using compiler:
  | My bare-bones C compiler (for COM 440/540)
  | 	Written by Hanze Chen (hanzech@iastate.edu)
  | 	Version 0.1.0_5c55c46(pyrite-n3.cs.iastate.edu)
  | 	2022-05-16 13:47:09
  | 
 
expr_g1.c      :  [1;32mNo compile errors[0;39m
        Test  1:  [1;33m#1[0;39m  [1;31mFAILED[0;39m

		  Student's method
		  ----------------------------------------------------
		  | .method public static func1 : ()V
		  |   .code stack 20 locals 0
		  |     [1;33mL_LINE_0:[0;39m
		  |     [1;33mL_LINE_1:[0;39m
		  |     [1;33mreturn[0;39m
		  |     .linenumbertable
		  |       [1;33mL_LINE_0 7[0;39m
		  |       [1;33mL_LINE_1 8[0;39m
		  |     .end linenumbertable
		  |   .end code
		  | .end method
		  ----------------------------------------------------

		  One possible expected sequence
		  ----------------------------------------------------
		  | [1;33mgetstatic Field expr_g1 gx I[0;39m
		  ----------------------------------------------------
        Test  2:  [1;33m#1[0;39m  [1;31mFAILED[0;39m

		  Student's method
		  ----------------------------------------------------
		  | .method public static func2 : ()V
		  |   .code stack 20 locals 0
		  |     [1;33mL_LINE_0:[0;39m
		  |     [1;33mL_LINE_1:[0;39m
		  |     [1;33mreturn[0;39m
		  |     .linenumbertable
		  |       [1;33mL_LINE_0 13[0;39m
		  |       [1;33mL_LINE_1 14[0;39m
		  |     .end linenumbertable
		  |   .end code
		  | .end method
		  ----------------------------------------------------

		  One possible expected sequence
		  ----------------------------------------------------
		  | [1;33mgetstatic Field expr_g1 gy F[0;39m
		  ----------------------------------------------------
        Test  3:  [1;33m#1[0;39m  [1;31mFAILED[0;39m

		  Student's method
		  ----------------------------------------------------
		  | .method public static func3 : ()V
		  |   .code stack 20 locals 0
		  |     [1;33mL_LINE_0:[0;39m
		  |     [1;33mL_LINE_1:[0;39m
		  |     [1;33mreturn[0;39m
		  |     .linenumbertable
		  |       [1;33mL_LINE_0 19[0;39m
		  |       [1;33mL_LINE_1 20[0;39m
		  |     .end linenumbertable
		  |   .end code
		  | .end method
		  ----------------------------------------------------

		  One possible expected sequence
		  ----------------------------------------------------
		  | [1;33mgetstatic Field expr_g1 gz C[0;39m
		  ----------------------------------------------------
expr_g2.c      :  [1;32mNo compile errors[0;39m
        Test  1:  [1;32m#1[0;39m  [1;32mPASSED[0;39m
        Test  2:  [1;32m#1[0;39m  [1;32mPASSED[0;39m
        Test  3:  [1;32m#1[0;39m  [1;32mPASSED[0;39m
Running tests using compiler:
  | My bare-bones C compiler (for COM 440/540)
  | 	Written by Hanze Chen (hanzech@iastate.edu)
  | 	Version 0.1.0_5c55c46(pyrite-n3.cs.iastate.edu)
  | 	2022-05-16 13:47:09
  | 
 
ops_binary1.c  :  [1;32mNo compile errors[0;39m
        Test  1:  [1;33m#1[0;39m  [1;33m#2[0;39m  [1;31mFAILED[0;39m

		  Student's method
		  ----------------------------------------------------
		  | .method public static test1 : ()I
		  |   .code stack 22 locals 0
		  |     [1;33mL_LINE_0:[0;39m
		  |     [1;33mbipush 7[0;39m
		  |     [1;33mireturn[0;39m
		  |     .linenumbertable
		  |       [1;33mL_LINE_0 3[0;39m
		  |     .end linenumbertable
		  |   .end code
		  | .end method
		  ----------------------------------------------------

		  One possible expected sequence
		  ----------------------------------------------------
		  | [1;33miconst_4|bipush 4|sipush 4|ldc 4[0;39m
		  | [1;33miconst_3|bipush 3|sipush 3|ldc 3[0;39m
		  | [1;33m?swap[0;39m
		  | [1;33miadd[0;39m
		  ----------------------------------------------------
        Test  2:  [1;32m#1[0;39m  [1;32mPASSED[0;39m
        Test  3:  [1;32m#1[0;39m  [1;32mPASSED[0;39m
        Test  4:  [1;33m#1[0;39m  [1;33m#2[0;39m  [1;31mFAILED[0;39m

		  Student's method
		  ----------------------------------------------------
		  | .method public static test4 : ()I
		  |   .code stack 22 locals 0
		  |     [1;33mL_LINE_0:[0;39m
		  |     [1;33mbipush -11[0;39m
		  |     [1;33mireturn[0;39m
		  |     .linenumbertable
		  |       [1;33mL_LINE_0 21[0;39m
		  |     .end linenumbertable
		  |   .end code
		  | .end method
		  ----------------------------------------------------

		  One possible expected sequence
		  ----------------------------------------------------
		  | [1;33mbipush 44|sipush 44|ldc 44[0;39m
		  | [1;33mbipush 33|sipush 33|ldc 33[0;39m
		  | [1;33mswap[0;39m
		  | [1;33misub[0;39m
		  ----------------------------------------------------
        Test  5:  [1;32m#1[0;39m  [1;32mPASSED[0;39m
        Test  6:  [1;32m#1[0;39m  [1;32mPASSED[0;39m
        Test  7:  [1;33m#1[0;39m  [1;33m#2[0;39m  [1;31mFAILED[0;39m

		  Student's method
		  ----------------------------------------------------
		  | .method public static test7 : ()I
		  |   .code stack 22 locals 0
		  |     [1;33mL_LINE_0:[0;39m
		  |     [1;33msipush 1452[0;39m
		  |     [1;33mireturn[0;39m
		  |     .linenumbertable
		  |       [1;33mL_LINE_0 39[0;39m
		  |     .end linenumbertable
		  |   .end code
		  | .end method
		  ----------------------------------------------------

		  One possible expected sequence
		  ----------------------------------------------------
		  | [1;33mbipush 44|sipush 44|ldc 44[0;39m
		  | [1;33mbipush 33|sipush 33|ldc 33[0;39m
		  | [1;33m?swap[0;39m
		  | [1;33mimul[0;39m
		  ----------------------------------------------------
        Test  8:  [1;32m#1[0;39m  [1;32mPASSED[0;39m
        Test  9:  [1;32m#1[0;39m  [1;32mPASSED[0;39m
        Test 10:  [1;32m#1[0;39m  [1;32mPASSED[0;39m
        Test 11:  [1;32m#1[0;39m  [1;32mPASSED[0;39m
ops_binary2.c  :  [1;32mNo compile errors[0;39m
        Test  1:  [1;33m#1[0;39m  [1;33m#2[0;39m  [1;31mFAILED[0;39m

		  Student's method
		  ----------------------------------------------------
		  | .method public static test1 : ()F
		  |   .code stack 22 locals 0
		  |     [1;33mL_LINE_0:[0;39m
		  |     [1;33mldc 7.100000[0;39m
		  |     [1;33mfreturn[0;39m
		  |     .linenumbertable
		  |       [1;33mL_LINE_0 3[0;39m
		  |     .end linenumbertable
		  |   .end code
		  | .end method
		  ----------------------------------------------------

		  One possible expected sequence
		  ----------------------------------------------------
		  | [1;33mldc [+]?4[.]10*[0;39m
		  | [1;33mldc [+]?3[.]0*[0;39m
		  | [1;33m?swap[0;39m
		  | [1;33mfadd[0;39m
		  ----------------------------------------------------
        Test  2:  [1;32m#1[0;39m  [1;32mPASSED[0;39m
        Test  3:  [1;32m#1[0;39m  [1;32mPASSED[0;39m
        Test  4:  [1;33m#1[0;39m  [1;33m#2[0;39m  [1;31mFAILED[0;39m

		  Student's method
		  ----------------------------------------------------
		  | .method public static test4 : ()F
		  |   .code stack 22 locals 0
		  |     [1;33mL_LINE_0:[0;39m
		  |     [1;33mldc 2.300000[0;39m
		  |     [1;33mfreturn[0;39m
		  |     .linenumbertable
		  |       [1;33mL_LINE_0 21[0;39m
		  |     .end linenumbertable
		  |   .end code
		  | .end method
		  ----------------------------------------------------

		  One possible expected sequence
		  ----------------------------------------------------
		  | [1;33mfconst_1[0;39m
		  | [1;33mldc [+]?3[.]30*[0;39m
		  | [1;33mswap[0;39m
		  | [1;33mfsub[0;39m
		  ----------------------------------------------------
        Test  5:  [1;32m#1[0;39m  [1;32mPASSED[0;39m
        Test  6:  [1;32m#1[0;39m  [1;32mPASSED[0;39m
        Test  7:  [1;33m#1[0;39m  [1;33m#2[0;39m  [1;31mFAILED[0;39m

		  Student's method
		  ----------------------------------------------------
		  | .method public static test7 : ()F
		  |   .code stack 22 locals 0
		  |     [1;33mL_LINE_0:[0;39m
		  |     [1;33mldc 14.520000[0;39m
		  |     [1;33mfreturn[0;39m
		  |     .linenumbertable
		  |       [1;33mL_LINE_0 39[0;39m
		  |     .end linenumbertable
		  |   .end code
		  | .end method
		  ----------------------------------------------------

		  One possible expected sequence
		  ----------------------------------------------------
		  | [1;33mldc [+]?4[.]40*[0;39m
		  | [1;33mldc [+]?3[.]30*[0;39m
		  | [1;33m?swap[0;39m
		  | [1;33mfmul[0;39m
		  ----------------------------------------------------
        Test  8:  [1;32m#1[0;39m  [1;32mPASSED[0;39m
        Test  9:  [1;32m#1[0;39m  [1;32mPASSED[0;39m
        Test 10:  [1;32m#1[0;39m  [1;32mPASSED[0;39m
ops_binary3.c  :  [1;32mNo compile errors[0;39m
        Test  1:  [1;33m#1[0;39m  [1;33m#2[0;39m  [1;31mFAILED[0;39m

		  Student's method
		  ----------------------------------------------------
		  | .method public static test1 : ()C
		  |   .code stack 22 locals 0
		  |     [1;33mL_LINE_0:[0;39m
		  |     [1;33mbipush 73[0;39m
		  |     [1;33mireturn[0;39m
		  |     .linenumbertable
		  |       [1;33mL_LINE_0 3[0;39m
		  |     .end linenumbertable
		  |   .end code
		  | .end method
		  ----------------------------------------------------

		  One possible expected sequence
		  ----------------------------------------------------
		  | [1;33mbipush 40|sipush 40|ldc 40[0;39m
		  | [1;33mbipush 33|sipush 33|ldc 33[0;39m
		  | [1;33m?swap[0;39m
		  | [1;33miadd[0;39m
		  | [1;33m?i2c[0;39m
		  ----------------------------------------------------
        Test  2:  [1;32m#1[0;39m  [1;32mPASSED[0;39m
        Test  3:  [1;32m#1[0;39m  [1;32mPASSED[0;39m
        Test  4:  [1;33m#1[0;39m  [1;33m#2[0;39m  [1;31mFAILED[0;39m

		  Student's method
		  ----------------------------------------------------
		  | .method public static test4 : ()C
		  |   .code stack 22 locals 0
		  |     [1;33mL_LINE_0:[0;39m
		  |     [1;33mbipush 49[0;39m
		  |     [1;33mireturn[0;39m
		  |     .linenumbertable
		  |       [1;33mL_LINE_0 18[0;39m
		  |     .end linenumbertable
		  |   .end code
		  | .end method
		  ----------------------------------------------------

		  One possible expected sequence
		  ----------------------------------------------------
		  | [1;33mbipush 35|sipush 35|ldc 35[0;39m
		  | [1;33mbipush 84|sipush 84|ldc 84[0;39m
		  | [1;33mswap[0;39m
		  | [1;33misub[0;39m
		  | [1;33m?i2c[0;39m
		  ----------------------------------------------------
        Test  5:  [1;32m#1[0;39m  [1;32mPASSED[0;39m
        Test  6:  [1;32m#1[0;39m  [1;32mPASSED[0;39m
        Test  7:  [1;33m#1[0;39m  [1;33m#2[0;39m  [1;31mFAILED[0;39m

		  Student's method
		  ----------------------------------------------------
		  | .method public static test7 : ()C
		  |   .code stack 22 locals 0
		  |     [1;33mL_LINE_0:[0;39m
		  |     [1;33msipush 2550[0;39m
		  |     [1;33mireturn[0;39m
		  |     .linenumbertable
		  |       [1;33mL_LINE_0 33[0;39m
		  |     .end linenumbertable
		  |   .end code
		  | .end method
		  ----------------------------------------------------

		  One possible expected sequence
		  ----------------------------------------------------
		  | [1;33mbipush 51|sipush 51|ldc 51[0;39m
		  | [1;33mbipush 50|sipush 50|ldc 50[0;39m
		  | [1;33m?swap[0;39m
		  | [1;33mimul[0;39m
		  | [1;33m?i2c[0;39m
		  ----------------------------------------------------
        Test  8:  [1;32m#1[0;39m  [1;32mPASSED[0;39m
        Test  9:  [1;32m#1[0;39m  [1;32mPASSED[0;39m
Running tests using compiler:
  | My bare-bones C compiler (for COM 440/540)
  | 	Written by Hanze Chen (hanzech@iastate.edu)
  | 	Version 0.1.0_5c55c46(pyrite-n3.cs.iastate.edu)
  | 	2022-05-16 13:47:09
  | 
 
ops_unary1.c   :  [1;32mNo compile errors[0;39m
        Test  1:  [1;32m#1[0;39m  [1;32mPASSED[0;39m
        Test  2:  [1;32m#1[0;39m  [1;32mPASSED[0;39m
        Test  3:  [1;32m#1[0;39m  [1;32mPASSED[0;39m
ops_unary2.c   :  [1;32mNo compile errors[0;39m
        Test  1:  [1;32m#1[0;39m  [1;32mPASSED[0;39m
        Test  2:  [1;32m#1[0;39m  [1;32mPASSED[0;39m
        Test  3:  [1;32m#1[0;39m  [1;32mPASSED[0;39m
ops_unary3.c   :  [1;32mNo compile errors[0;39m
        Test  1:  [1;32m#1[0;39m  [1;32mPASSED[0;39m
        Test  2:  [1;32m#1[0;39m  [1;32mPASSED[0;39m
        Test  3:  [1;32m#1[0;39m  [1;32mPASSED[0;39m
        Test  4:  [1;32m#1[0;39m  [1;32mPASSED[0;39m
Running tests using compiler:
  | My bare-bones C compiler (for COM 440/540)
  | 	Written by Hanze Chen (hanzech@iastate.edu)
  | 	Version 0.1.0_5c55c46(pyrite-n3.cs.iastate.edu)
  | 	2022-05-16 13:47:09
  | 
 
wr_init1.c     :  [1;32mNo compile errors[0;39m
        Test  1:  [1;32m#1[0;39m  [1;32mPASSED[0;39m
        Test  2:  [1;32m#1[0;39m  [1;32mPASSED[0;39m
        Test  3:  [1;32m#1[0;39m  [1;32mPASSED[0;39m
wr_init2.c     :  [1;32mNo compile errors[0;39m
        Test  1:  [1;32m#1[0;39m  [1;32mPASSED[0;39m
        Test  2:  [1;32m#1[0;39m  [1;32mPASSED[0;39m
        Test  3:  [1;32m#1[0;39m  [1;32mPASSED[0;39m
wr_init3.c     :  [1;32mNo compile errors[0;39m
        Test  1:  [1;32m#1[0;39m  [1;32mPASSED[0;39m
        Test  2:  [1;32m#1[0;39m  [1;32mPASSED[0;39m
        Test  3:  [1;32m#1[0;39m  [1;32mPASSED[0;39m
Running tests using compiler:
  | My bare-bones C compiler (for COM 440/540)
  | 	Written by Hanze Chen (hanzech@iastate.edu)
  | 	Version 0.1.0_5c55c46(pyrite-n3.cs.iastate.edu)
  | 	2022-05-16 13:47:09
  | 
 
wr_assign1.c   :  [1;32mNo compile errors[0;39m
        Test  1:  [1;32m#1[0;39m  [1;32mPASSED[0;39m
        Test  2:  [1;32m#1[0;39m  [1;32mPASSED[0;39m
        Test  3:  [1;32m#1[0;39m  [1;32mPASSED[0;39m
wr_assign2.c   :  [1;32mNo compile errors[0;39m
        Test  1:  [1;32m#1[0;39m  [1;32mPASSED[0;39m
        Test  2:  [1;32m#1[0;39m  [1;32mPASSED[0;39m
        Test  3:  [1;32m#1[0;39m  [1;32mPASSED[0;39m
wr_assign3.c   :  [1;32mNo compile errors[0;39m
        Test  1:  [1;33m#1[0;39m  [1;32m#2[0;39m  [1;32mPASSED[0;39m
        Test  2:  [1;33m#1[0;39m  [1;32m#2[0;39m  [1;32mPASSED[0;39m
        Test  3:  [1;33m#1[0;39m  [1;32m#2[0;39m  [1;32mPASSED[0;39m
wr_assign4.c   :  [1;32mNo compile errors[0;39m
        Test  1:  [1;32m#1[0;39m  [1;32mPASSED[0;39m
        Test  2:  [1;32m#1[0;39m  [1;32mPASSED[0;39m
        Test  3:  [1;32m#1[0;39m  [1;32mPASSED[0;39m
        Test  4:  [1;33m#1[0;39m  [1;32m#2[0;39m  [1;32mPASSED[0;39m
Running tests using compiler:
  | My bare-bones C compiler (for COM 440/540)
  | 	Written by Hanze Chen (hanzech@iastate.edu)
  | 	Version 0.1.0_5c55c46(pyrite-n3.cs.iastate.edu)
  | 	2022-05-16 13:47:09
  | 
 
wr_update1.c   :  [1;32mNo compile errors[0;39m
        Test  1:  [1;32m#1[0;39m  [1;32mPASSED[0;39m
        Test  2:  [1;32m#1[0;39m  [1;32mPASSED[0;39m
        Test  3:  [1;32m#1[0;39m  [1;32mPASSED[0;39m
        Test  4:  [1;32m#1[0;39m  [1;32mPASSED[0;39m
wr_update2.c   :  [1;32mNo compile errors[0;39m
        Test  1:  [1;33m#1[0;39m  [1;32m#2[0;39m  [1;32mPASSED[0;39m
        Test  2:  [1;33m#1[0;39m  [1;32m#2[0;39m  [1;32mPASSED[0;39m
        Test  3:  [1;33m#1[0;39m  [1;32m#2[0;39m  [1;32mPASSED[0;39m
        Test  4:  [1;33m#1[0;39m  [1;32m#2[0;39m  [1;32mPASSED[0;39m
wr_update3.c   :  [1;32mNo compile errors[0;39m
        Test  1:  [1;32m#1[0;39m  [1;32mPASSED[0;39m
        Test  2:  [1;32m#1[0;39m  [1;32mPASSED[0;39m
Running tests using compiler:
  | My bare-bones C compiler (for COM 440/540)
  | 	Written by Hanze Chen (hanzech@iastate.edu)
  | 	Version 0.1.0_5c55c46(pyrite-n3.cs.iastate.edu)
  | 	2022-05-16 13:47:09
  | 
 
wr_incdec1.c   :  [1;32mNo compile errors[0;39m
        Test  1:  [1;32m#1[0;39m  [1;32mPASSED[0;39m
        Test  2:  [1;33m#1[0;39m  [1;33m#2[0;39m  [1;32m#3[0;39m  [1;32mPASSED[0;39m
        Test  3:  [1;32m#1[0;39m  [1;32mPASSED[0;39m
        Test  4:  [1;33m#1[0;39m  [1;33m#2[0;39m  [1;33m#3[0;39m  [1;33m#4[0;39m  [1;33m#5[0;39m  [1;32m#6[0;39m  [1;32mPASSED[0;39m
        Test  5:  [1;32m#1[0;39m  [1;32mPASSED[0;39m
        Test  6:  [1;32m#1[0;39m  [1;32mPASSED[0;39m
wr_incdec2.c   :  [1;32mNo compile errors[0;39m
        Test  1:  [1;32m#1[0;39m  [1;32mPASSED[0;39m
        Test  2:  [1;33m#1[0;39m  [1;33m#2[0;39m  [1;32m#3[0;39m  [1;32mPASSED[0;39m
        Test  3:  [1;32m#1[0;39m  [1;32mPASSED[0;39m
        Test  4:  [1;33m#1[0;39m  [1;33m#2[0;39m  [1;33m#3[0;39m  [1;33m#4[0;39m  [1;33m#5[0;39m  [1;32m#6[0;39m  [1;32mPASSED[0;39m
        Test  5:  [1;33m#1[0;39m  [1;33m#2[0;39m  [1;32m#3[0;39m  [1;32mPASSED[0;39m
        Test  6:  [1;32m#1[0;39m  [1;32mPASSED[0;39m
wr_incdec3.c   :  [1;32mNo compile errors[0;39m
        Test  1:  [1;32m#1[0;39m  [1;32mPASSED[0;39m
        Test  2:  [1;33m#1[0;39m  [1;33m#2[0;39m  [1;32m#3[0;39m  [1;32mPASSED[0;39m
        Test  3:  [1;32m#1[0;39m  [1;32mPASSED[0;39m
        Test  4:  [1;33m#1[0;39m  [1;33m#2[0;39m  [1;33m#3[0;39m  [1;33m#4[0;39m  [1;33m#5[0;39m  [1;32m#6[0;39m  [1;32mPASSED[0;39m
        Test  5:  [1;32m#1[0;39m  [1;32mPASSED[0;39m
        Test  6:  [1;32m#1[0;39m  [1;32mPASSED[0;39m
wr_incdec4.c   :  [1;32mNo compile errors[0;39m
        Test  1:  [1;32m#1[0;39m  [1;32mPASSED[0;39m
        Test  2:  [1;33m#1[0;39m  [1;33m#2[0;39m  [1;32m#3[0;39m  [1;32mPASSED[0;39m
        Test  3:  [1;32m#1[0;39m  [1;32mPASSED[0;39m
        Test  4:  [1;33m#1[0;39m  [1;33m#2[0;39m  [1;32m#3[0;39m  [1;32mPASSED[0;39m
        Test  5:  [1;33m#1[0;39m  [1;32m#2[0;39m  [1;32mPASSED[0;39m
        Test  6:  [1;33m#1[0;39m  [1;32m#2[0;39m  [1;32mPASSED[0;39m
Running tests using compiler:
  | My bare-bones C compiler (for COM 440/540)
  | 	Written by Hanze Chen (hanzech@iastate.edu)
  | 	Version 0.1.0_5c55c46(pyrite-n3.cs.iastate.edu)
  | 	2022-05-16 13:47:09
  | 
 
noreturn1.c    :  [1;32mNo compile errors[0;39m
        Test  1:  [1;32m#1[0;39m  [1;32mPASSED[0;39m
noreturn2.c    :  [1;33mFirst error message lines different[0;39m
		  Expected error stream
		  --------------------------------------------------------
		  |  Code generation error in file noreturn2.c line 7
		  |  	Missing return in non-void function thing
		  --------------------------------------------------------
		  Student's error stream
		  --------------------------------------------------------
		  |  E20220516 21:10:00.248463 840030 message_utils.cc:112] File: "noreturn2.c" is not readable
		  |  Code Generator error in file noreturn2.c line 4 near text  
		  |  	Missing return in non-void function thing
		  --------------------------------------------------------
noreturn3.c    :  [1;33mFirst error message lines different[0;39m
		  Expected error stream
		  --------------------------------------------------------
		  |  Code generation error in file noreturn3.c line 7
		  |  	Missing return in non-void function thing
		  --------------------------------------------------------
		  Student's error stream
		  --------------------------------------------------------
		  |  E20220516 21:10:01.373699 840044 message_utils.cc:112] File: "noreturn3.c" is not readable
		  |  Code Generator error in file noreturn3.c line 4 near text  
		  |  	Missing return in non-void function thing
		  --------------------------------------------------------
-bash: ./jexpr: No such file or directory
V <clinit> (  )
{
    clinit_arr.A = new int[44]
    ;
    ; Requested stack size 2
    ; Required  stack size 1
    ; 0 items remaining on the stack
    ;
}

V <clinit> (  )
{
    clinit_arr.C = new char[1000]
    ;
    ; Requested stack size 2
    ; Required  stack size 1
    ; 0 items remaining on the stack
    ;
}

V <clinit> (  )
{
    clinit_arr.x = new float[3]
    ;
    ; Requested stack size 2
    ; Required  stack size 1
    ; 0 items remaining on the stack
    ;
}

V <clinit> (  )
{
    clinit_var.T = 116
    ;
    ; Requested stack size 2
    ; Required  stack size 1
    ; 0 items remaining on the stack
    ;
}

V <clinit> (  )
{
    clinit_var.count = 37
    ;
    ; Requested stack size 2
    ; Required  stack size 1
    ; 0 items remaining on the stack
    ;
}

V <clinit> (  )
{
    clinit_var.pi = 3
    ;
    ; Requested stack size 2
    ; Required  stack size 1
    ; 0 items remaining on the stack
    ;
}

V <clinit> (  )
{
    clinit_both.T = 116
    ;
    ; Requested stack size 2
    ; Required  stack size 1
    ; 0 items remaining on the stack
    ;
}

V <clinit> (  )
{
    clinit_both.C = new char[1000]
    ;
    ; Requested stack size 2
    ; Required  stack size 1
    ; 0 items remaining on the stack
    ;
}

V <clinit> (  )
{
    clinit_both.count = 37
    ;
    ; Requested stack size 2
    ; Required  stack size 1
    ; 0 items remaining on the stack
    ;
}

V <clinit> (  )
{
    clinit_both.A = new int[44]
    ;
    ; Requested stack size 2
    ; Required  stack size 1
    ; 0 items remaining on the stack
    ;
}

V <clinit> (  )
{
    clinit_both.pi = 3
    ;
    ; Requested stack size 2
    ; Required  stack size 1
    ; 0 items remaining on the stack
    ;
}

V <clinit> (  )
{
    clinit_both.x = new float[3]
    ;
    ; Requested stack size 2
    ; Required  stack size 1
    ; 0 items remaining on the stack
    ;
}

