Running tests using compiler:
  | My bare-bones C compiler (for COM 440/540)
  | 	Written by Hanze Chen (hanzech@iastate.edu)
  | 	Version 0.1.0_5c55c46(pyrite-n3.cs.iastate.edu)
  | 	2022-05-16 13:47:09
  | 

expr_fcall1.c
[1;32m    No compile errors[0;39m, running assembler
[1;31m    Target code assembly failed:[0;39m
        | expr_fcall1.j:2:1: error: Expected '.class' or '.version'.
        | 
        | ^
expr_fcall2.c
[1;32m    No compile errors[0;39m, running assembler
[1;31m    Target code assembly failed:[0;39m
        | expr_fcall2.j:2:1: error: Expected '.class' or '.version'.
        | 
        | ^
expr_fcall3.c
[1;32m    No compile errors[0;39m, running assembler
[1;31m    Target code assembly failed:[0;39m
        | expr_fcall3.j:2:1: error: Expected '.class' or '.version'.
        | 
        | ^
expr_fcall4.c
[1;31m    Unexpected compile error[0;39m
         First 20 lines of error stream:
         ---------------------------------------------------------
         | Parser error in file expr_fcall4.c line 4 near text putchar
         | 	Function putchar not found
         ---------------------------------------------------------
expr_fcall5.c
[1;32m    No compile errors[0;39m, running assembler
[1;31m    Target code assembly failed:[0;39m
        | expr_fcall5.j:2:1: error: Expected '.class' or '.version'.
        | 
        | ^
Running tests using compiler:
  | My bare-bones C compiler (for COM 440/540)
  | 	Written by Hanze Chen (hanzech@iastate.edu)
  | 	Version 0.1.0_5c55c46(pyrite-n3.cs.iastate.edu)
  | 	2022-05-16 13:47:09
  | 
 
expr_fcall1.c  :  [1;32mNo compile errors[0;39m
        Test  1:  [1;33m#1[0;39m  [1;31mFAILED[0;39m

		  Student's method
		  ----------------------------------------------------
		  ----------------------------------------------------

		  One possible expected sequence
		  ----------------------------------------------------
		  | [1;33mbipush 17|sipush 17|ldc 17[0;39m
		  | [1;33mireturn[0;39m
		  ----------------------------------------------------
expr_fcall2.c  :  [1;32mNo compile errors[0;39m
        Test  1:  [1;33m#1[0;39m  [1;31mFAILED[0;39m

		  Student's method
		  ----------------------------------------------------
		  ----------------------------------------------------

		  One possible expected sequence
		  ----------------------------------------------------
		  | [1;33mbipush 17|sipush 17|ldc 17[0;39m
		  | [1;33mireturn[0;39m
		  ----------------------------------------------------
        Test  2:  [1;33m#1[0;39m  [1;31mFAILED[0;39m

		  Student's method
		  ----------------------------------------------------
		  ----------------------------------------------------

		  One possible expected sequence
		  ----------------------------------------------------
		  | [1;33mbipush 66|sipush 66|ldc 66[0;39m
		  | [1;33minvokestatic Method expr_fcall2 myfunc [(]I[)]I[0;39m
		  | [1;33mireturn[0;39m
		  ----------------------------------------------------
expr_fcall3.c  :  [1;32mNo compile errors[0;39m
        Test  1:  [1;33m#1[0;39m  [1;31mFAILED[0;39m

		  Student's method
		  ----------------------------------------------------
		  ----------------------------------------------------

		  One possible expected sequence
		  ----------------------------------------------------
		  | [1;33miload_1[0;39m
		  | [1;33miload_0[0;39m
		  | [1;33minvokestatic Method expr_fcall3 recurse [(]II[)]I[0;39m
		  | [1;33mireturn[0;39m
		  ----------------------------------------------------
expr_fcall4.c  :  [1;31mCompilation generated errors (first 10 lines):[0;39m
		  --------------------------------------------------------
		  |  Parser error in file expr_fcall4.c line 4 near text putchar
		  |  	Function putchar not found
		  --------------------------------------------------------
expr_fcall5.c  :  [1;32mNo compile errors[0;39m
        Test  1:  [1;33m#1[0;39m  [1;31mFAILED[0;39m

		  Student's method
		  ----------------------------------------------------
		  ----------------------------------------------------

		  One possible expected sequence
		  ----------------------------------------------------
		  | [1;33mbipush 65|sipush 65|ldc 65[0;39m
		  | [1;33mireturn[0;39m
		  ----------------------------------------------------
        Test  2:  [1;33m#1[0;39m  [1;31mFAILED[0;39m

		  Student's method
		  ----------------------------------------------------
		  ----------------------------------------------------

		  One possible expected sequence
		  ----------------------------------------------------
		  | [1;33m66[0;39m
		  | [1;33minvokestatic Method expr_fcall5 myfunc[0;39m
		  | [1;33mireturn[0;39m
		  ----------------------------------------------------
Running tests using compiler:
  | My bare-bones C compiler (for COM 440/540)
  | 	Written by Hanze Chen (hanzech@iastate.edu)
  | 	Version 0.1.0_5c55c46(pyrite-n3.cs.iastate.edu)
  | 	2022-05-16 13:47:09
  | 
 
expr_io1.c     :  [1;31mCompilation generated errors (first 10 lines):[0;39m
		  --------------------------------------------------------
		  |  Parser error in file expr_io1.c line 3 near text putchar
		  |  	Function putchar not found
		  --------------------------------------------------------
expr_io2.c     :  [1;31mCompilation generated errors (first 10 lines):[0;39m
		  --------------------------------------------------------
		  |  Parser error in file expr_io2.c line 3 near text getchar
		  |  	Function getchar not found
		  --------------------------------------------------------
expr_io3.c     :  [1;31mCompilation generated errors (first 10 lines):[0;39m
		  --------------------------------------------------------
		  |  Type checking error in file expr_io3.c line 7 near text putchar
		  |  	Function putchar not found
		  --------------------------------------------------------
expr_io4.c     :  [1;31mCompilation generated errors (first 10 lines):[0;39m
		  --------------------------------------------------------
		  |  Parser error in file expr_io4.c line 4 near text putchar
		  |  	Function putchar not found
		  --------------------------------------------------------
expr_io5.c     :  [1;31mCompilation generated errors (first 10 lines):[0;39m
		  --------------------------------------------------------
		  |  Parser error in file expr_io5.c line 4 near text putchar
		  |  	Function putchar not found
		  --------------------------------------------------------
Running tests using compiler:
  | My bare-bones C compiler (for COM 440/540)
  | 	Written by Hanze Chen (hanzech@iastate.edu)
  | 	Version 0.1.0_5c55c46(pyrite-n3.cs.iastate.edu)
  | 	2022-05-16 13:47:09
  | 
 
expr_var1.c    :  [1;32mNo compile errors[0;39m
        Test  1:  [1;33m#1[0;39m  [1;31mFAILED[0;39m

		  Student's method
		  ----------------------------------------------------
		  ----------------------------------------------------

		  One possible expected sequence
		  ----------------------------------------------------
		  | [1;33m49[0;39m
		  | [1;33m?dup[0;39m
		  | [1;33mistore_0[0;39m
		  ----------------------------------------------------
        Test  2:  [1;33m#1[0;39m  [1;31mFAILED[0;39m

		  Student's method
		  ----------------------------------------------------
		  ----------------------------------------------------

		  One possible expected sequence
		  ----------------------------------------------------
		  | [1;33miload_0[0;39m
		  | [1;33mputchar[0;39m
		  ----------------------------------------------------
expr_var2.c    :  [1;31mCompilation generated errors (first 10 lines):[0;39m
		  --------------------------------------------------------
		  |  Parser error in file expr_var2.c line 4 near text putchar
		  |  	Function putchar not found
		  --------------------------------------------------------
expr_var3.c    :  [1;31mCompilation generated errors (first 10 lines):[0;39m
		  --------------------------------------------------------
		  |  Type checking error in file expr_var3.c line 6 near text putchar
		  |  	Function putchar not found
		  --------------------------------------------------------
expr_var4.c    :  [1;31mCompilation generated errors (first 10 lines):[0;39m
		  --------------------------------------------------------
		  |  Type checking error in file expr_var4.c line 8 near text putchar
		  |  	Function putchar not found
		  --------------------------------------------------------
expr_var5.c    :  [1;31mCompilation generated errors (first 10 lines):[0;39m
		  --------------------------------------------------------
		  |  Type checking error in file expr_var5.c line 10 near text putchar
		  |  	Function putchar not found
		  --------------------------------------------------------
Running tests using compiler:
  | My bare-bones C compiler (for COM 440/540)
  | 	Written by Hanze Chen (hanzech@iastate.edu)
  | 	Version 0.1.0_5c55c46(pyrite-n3.cs.iastate.edu)
  | 	2022-05-16 13:47:09
  | 
 
tc_do1.c       :  [1;31mMissing error message[0;39m
tc_do2.c       :  [1;31mMissing error message[0;39m
tc_for1.c      :  [1;31mMissing error message[0;39m
tc_for2.c      :  [1;31mMissing error message[0;39m
tc_if1.c       :  [1;31mMissing error message[0;39m
tc_if2.c       :  [1;36mFirst error messages match lines[0;39m
		  Expected error stream
		  --------------------------------------------------------
		  |  Type checking error in file tc_if2.c line 9
		  |  	if condition has non-numeric type void
		  --------------------------------------------------------
		  Student's error stream
		  --------------------------------------------------------
		  |  Type checking error in file tc_if2.c line 9 near text (
		  |  	if condition has non-numeric type void
		  --------------------------------------------------------
tc_wh1.c       :  [1;31mMissing error message[0;39m
tc_wh2.c       :  [1;31mMissing error message[0;39m
Running tests using compiler:
  | My bare-bones C compiler (for COM 440/540)
  | 	Written by Hanze Chen (hanzech@iastate.edu)
  | 	Version 0.1.0_5c55c46(pyrite-n3.cs.iastate.edu)
  | 	2022-05-16 13:47:09
  | 
 
ifthen1.c      :  [1;32mNo compile errors[0;39m
        Test  1:  [1;33m#1[0;39m  [1;31mFAILED[0;39m

		  Student's method
		  ----------------------------------------------------
		  ----------------------------------------------------

		  One possible expected sequence
		  ----------------------------------------------------
		  | [1;33miload_0[0;39m
		  | [1;33mifeq LA[0;39m
		  | [1;33m78[0;39m
		  | [1;33m?dup[0;39m
		  | [1;33mistore_1[0;39m
		  | [1;33m?iload_1[0;39m
		  | [1;33m?pop[0;39m
		  | [1;33mLA:[0;39m
		  ----------------------------------------------------
ifthen2.c      :  [1;32mNo compile errors[0;39m
        Test  1:  [1;33m#1[0;39m  [1;31mFAILED[0;39m

		  Student's method
		  ----------------------------------------------------
		  ----------------------------------------------------

		  One possible expected sequence
		  ----------------------------------------------------
		  | [1;33miload_0[0;39m
		  | [1;33mifeq LA[0;39m
		  | [1;33m89[0;39m
		  | [1;33mputchar[0;39m
		  | [1;33m?pop[0;39m
		  | [1;33mLA:[0;39m
		  ----------------------------------------------------
        Test  2:  [1;33m#1[0;39m  [1;31mFAILED[0;39m

		  Student's method
		  ----------------------------------------------------
		  ----------------------------------------------------

		  One possible expected sequence
		  ----------------------------------------------------
		  | [1;33miload_0[0;39m
		  | [1;33mifeq LA[0;39m
		  | [1;33m78[0;39m
		  | [1;33mputchar[0;39m
		  | [1;33m?pop[0;39m
		  | [1;33mLA:[0;39m
		  ----------------------------------------------------
ifthen3.c      :  [1;32mNo compile errors[0;39m
        Test  1:  [1;33m#1[0;39m  [1;31mFAILED[0;39m

		  Student's method
		  ----------------------------------------------------
		  ----------------------------------------------------

		  One possible expected sequence
		  ----------------------------------------------------
		  | [1;33miload_0[0;39m
		  | [1;33mifeq LA[0;39m
		  | [1;33m78[0;39m
		  | [1;33mputchar[0;39m
		  | [1;33m?pop[0;39m
		  | [1;33m111[0;39m
		  | [1;33mputchar[0;39m
		  | [1;33m?pop[0;39m
		  | [1;33mLA:[0;39m
		  ----------------------------------------------------
ifthen4.c      :  [1;32mNo compile errors[0;39m
        Test  1:  [1;33m#1[0;39m  [1;31mFAILED[0;39m

		  Student's method
		  ----------------------------------------------------
		  ----------------------------------------------------

		  One possible expected sequence
		  ----------------------------------------------------
		  | [1;33miload_0[0;39m
		  | [1;33mifeq LA[0;39m
		  | [1;33miload_1[0;39m
		  | [1;33mifeq LB[0;39m
		  | [1;33m89[0;39m
		  | [1;33mputchar[0;39m
		  | [1;33m?pop[0;39m
		  | [1;33mLB:[0;39m
		  | [1;33m101[0;39m
		  | [1;33mputchar[0;39m
		  | [1;33m?pop[0;39m
		  | [1;33mLA:[0;39m
		  ----------------------------------------------------
ifthen5.c      :  [1;32mNo compile errors[0;39m
        Test  1:  [1;33m#1[0;39m  [1;31mFAILED[0;39m

		  Student's method
		  ----------------------------------------------------
		  ----------------------------------------------------

		  One possible expected sequence
		  ----------------------------------------------------
		  | [1;33miload_1[0;39m
		  | [1;33mifeq LA[0;39m
		  | [1;33m89[0;39m
		  | [1;33mputchar[0;39m
		  | [1;33m?pop[0;39m
		  | [1;33miload_2[0;39m
		  | [1;33mifeq LB[0;39m
		  | [1;33m101[0;39m
		  | [1;33mputchar[0;39m
		  | [1;33m?pop[0;39m
		  | [1;33mLB:[0;39m
		  ----------------------------------------------------
ifthenelse1.c  :  [1;32mNo compile errors[0;39m
        Test  1:  [1;33m#1[0;39m  [1;33m#2[0;39m  [1;33m#3[0;39m  [1;31mFAILED[0;39m

		  Student's method
		  ----------------------------------------------------
		  ----------------------------------------------------

		  One possible expected sequence
		  ----------------------------------------------------
		  | [1;33miload_0[0;39m
		  | [1;33mifne LA[0;39m
		  | [1;33mgoto LB[0;39m
		  | [1;33mLA:[0;39m
		  | [1;33m89[0;39m
		  | [1;33mputchar[0;39m
		  | [1;33m?pop[0;39m
		  | [1;33mgoto LC[0;39m
		  | [1;33mLB:[0;39m
		  | [1;33m78[0;39m
		  | [1;33mputchar[0;39m
		  | [1;33m?pop[0;39m
		  | [1;33mLC:[0;39m
		  ----------------------------------------------------
ifthenelse2.c  :  [1;32mNo compile errors[0;39m
        Test  1:  [1;33m#1[0;39m  [1;33m#2[0;39m  [1;33m#3[0;39m  [1;31mFAILED[0;39m

		  Student's method
		  ----------------------------------------------------
		  ----------------------------------------------------

		  One possible expected sequence
		  ----------------------------------------------------
		  | [1;33miload_0[0;39m
		  | [1;33mifne LA[0;39m
		  | [1;33mgoto LB[0;39m
		  | [1;33mLA:[0;39m
		  | [1;33m89[0;39m
		  | [1;33mputchar[0;39m
		  | [1;33m?pop[0;39m
		  | [1;33mgoto LC[0;39m
		  | [1;33mLB:[0;39m
		  | [1;33m78[0;39m
		  | [1;33mputchar[0;39m
		  | [1;33m?pop[0;39m
		  | [1;33mLC:[0;39m
		  ----------------------------------------------------
ifthenelse3.c  :  [1;32mNo compile errors[0;39m
        Test  1:  [1;33m#1[0;39m  [1;31mFAILED[0;39m

		  Student's method
		  ----------------------------------------------------
		  ----------------------------------------------------

		  One possible expected sequence
		  ----------------------------------------------------
		  | [1;33miload_0[0;39m
		  | [1;33mifeq LA[0;39m
		  | [1;33m89[0;39m
		  | [1;33mputchar[0;39m
		  | [1;33m?pop[0;39m
		  | [1;33m101[0;39m
		  | [1;33mputchar[0;39m
		  | [1;33m?pop[0;39m
		  | [1;33m115[0;39m
		  | [1;33mputchar[0;39m
		  | [1;33m?pop[0;39m
		  | [1;33mgoto LB[0;39m
		  | [1;33mLA:[0;39m
		  | [1;33m78[0;39m
		  | [1;33mputchar[0;39m
		  | [1;33m?pop[0;39m
		  | [1;33m111[0;39m
		  | [1;33mputchar[0;39m
		  | [1;33m?pop[0;39m
		  | [1;33mLB:[0;39m
		  ----------------------------------------------------
ifthenelse4.c  :  [1;32mNo compile errors[0;39m
        Test  1:  [1;33m#1[0;39m  [1;33m#2[0;39m  [1;33m#3[0;39m  [1;31mFAILED[0;39m

		  Student's method
		  ----------------------------------------------------
		  ----------------------------------------------------

		  One possible expected sequence
		  ----------------------------------------------------
		  | [1;33miload_0[0;39m
		  | [1;33mifne LA[0;39m
		  | [1;33mgoto LB[0;39m
		  | [1;33mLA:[0;39m
		  | [1;33m89[0;39m
		  | [1;33mputchar[0;39m
		  | [1;33m?pop[0;39m
		  | [1;33mgoto LC[0;39m
		  | [1;33mLB:[0;39m
		  | [1;33m78[0;39m
		  | [1;33mputchar[0;39m
		  | [1;33m?pop[0;39m
		  | [1;33mLC:[0;39m
		  ----------------------------------------------------
        Test  2:  [1;33m#1[0;39m  [1;33m#2[0;39m  [1;33m#3[0;39m  [1;31mFAILED[0;39m

		  Student's method
		  ----------------------------------------------------
		  ----------------------------------------------------

		  One possible expected sequence
		  ----------------------------------------------------
		  | [1;33miload_0[0;39m
		  | [1;33mifne LA[0;39m
		  | [1;33mgoto LB[0;39m
		  | [1;33mLA:[0;39m
		  | [1;33m101[0;39m
		  | [1;33mputchar[0;39m
		  | [1;33m?pop[0;39m
		  | [1;33mgoto LC[0;39m
		  | [1;33mLB:[0;39m
		  | [1;33m111[0;39m
		  | [1;33mputchar[0;39m
		  | [1;33m?pop[0;39m
		  | [1;33mLC:[0;39m
		  ----------------------------------------------------
        Test  3:  [1;33m#1[0;39m  [1;33m#2[0;39m  [1;33m#3[0;39m  [1;31mFAILED[0;39m

		  Student's method
		  ----------------------------------------------------
		  ----------------------------------------------------

		  One possible expected sequence
		  ----------------------------------------------------
		  | [1;33miconst_0[0;39m
		  | [1;33miload_0[0;39m
		  | [1;33mif_icmpne LA[0;39m
		  | [1;33m115[0;39m
		  | [1;33mputchar[0;39m
		  | [1;33m?pop[0;39m
		  | [1;33mLA:[0;39m
		  ----------------------------------------------------
ifthenelse5.c  :  [1;31mCompilation generated errors (first 10 lines):[0;39m
		  --------------------------------------------------------
		  |  Type checking error in file ifthenelse5.c line 9 near text y
		  |  	Expected '(', but got 'Identity'
		  --------------------------------------------------------
Running tests using compiler:
  | My bare-bones C compiler (for COM 440/540)
  | 	Written by Hanze Chen (hanzech@iastate.edu)
  | 	Version 0.1.0_5c55c46(pyrite-n3.cs.iastate.edu)
  | 	2022-05-16 13:47:09
  | 
 
while1.c       :  [1;32mNo compile errors[0;39m
        Test  1:  [1;33m#1[0;39m  [1;31mFAILED[0;39m

		  Student's method
		  ----------------------------------------------------
		  ----------------------------------------------------

		  One possible expected sequence
		  ----------------------------------------------------
		  | [1;33mLA:[0;39m
		  | [1;33miload_0[0;39m
		  | [1;33mifeq LB[0;39m
		  | [1;33m?65[0;39m
		  | [1;33m?putchar[0;39m
		  | [1;33m?pop[0;39m
		  | [1;33mgoto LA[0;39m
		  | [1;33mLB:[0;39m
		  ----------------------------------------------------
while2.c       :  [1;32mNo compile errors[0;39m
        Test  1:  [1;33m#1[0;39m  [1;31mFAILED[0;39m

		  Student's method
		  ----------------------------------------------------
		  ----------------------------------------------------

		  One possible expected sequence
		  ----------------------------------------------------
		  | [1;33mLA:[0;39m
		  | [1;33miload_0[0;39m
		  | [1;33mifeq LB[0;39m
		  | [1;33m?65[0;39m
		  | [1;33m?65[0;39m
		  | [1;33m?putchar[0;39m
		  | [1;33m?isub[0;39m
		  | [1;33m?dup[0;39m
		  | [1;33m?istore_0[0;39m
		  | [1;33m?pop[0;39m
		  | [1;33mgoto LA[0;39m
		  | [1;33mLB:[0;39m
		  ----------------------------------------------------
while3.c       :  [1;32mNo compile errors[0;39m
        Test  1:  [1;33m#1[0;39m  [1;31mFAILED[0;39m

		  Student's method
		  ----------------------------------------------------
		  ----------------------------------------------------

		  One possible expected sequence
		  ----------------------------------------------------
		  | [1;33mLA:[0;39m
		  | [1;33miload_0[0;39m
		  | [1;33mifeq LB[0;39m
		  | [1;33miload_0[0;39m
		  | [1;33m10[0;39m
		  | [1;33midiv[0;39m
		  | [1;33m?dup[0;39m
		  | [1;33mistore_0[0;39m
		  | [1;33m?iload_0[0;39m
		  | [1;33mshow_ones[0;39m
		  | [1;33mgoto LA[0;39m
		  | [1;33mLB:[0;39m
		  ----------------------------------------------------
while4.c       :  [1;32mNo compile errors[0;39m
        Test  1:  [1;33m#1[0;39m  [1;31mFAILED[0;39m

		  Student's method
		  ----------------------------------------------------
		  ----------------------------------------------------

		  One possible expected sequence
		  ----------------------------------------------------
		  | [1;33mLA:[0;39m
		  | [1;33miload_0[0;39m
		  | [1;33mifeq LB[0;39m
		  ----------------------------------------------------
        Test  2:  [1;33m#1[0;39m  [1;31mFAILED[0;39m

		  Student's method
		  ----------------------------------------------------
		  ----------------------------------------------------

		  One possible expected sequence
		  ----------------------------------------------------
		  | [1;33mLA:[0;39m
		  | [1;33miload_1[0;39m
		  | [1;33mifeq LB[0;39m
		  ----------------------------------------------------
        Test  3:  [1;33m#1[0;39m  [1;31mFAILED[0;39m

		  Student's method
		  ----------------------------------------------------
		  ----------------------------------------------------

		  One possible expected sequence
		  ----------------------------------------------------
		  | [1;33mgoto LA[0;39m
		  | [1;33mLB:[0;39m
		  | [1;33m10[0;39m
		  | [1;33mputchar[0;39m
		  | [1;33m?pop[0;39m
		  | [1;33m?iload_0[0;39m
		  | [1;33m?iconst_1[0;39m
		  | [1;33m?isub[0;39m
		  | [1;33m?dup[0;39m
		  | [1;33m?istore_0[0;39m
		  | [1;33m?iload_0[0;39m
		  | [1;33m?pop[0;39m
		  | [1;33mgoto LC[0;39m
		  ----------------------------------------------------
while5.c       :  [1;32mNo compile errors[0;39m
        Test  1:  [1;33m#1[0;39m  [1;31mFAILED[0;39m

		  Student's method
		  ----------------------------------------------------
		  ----------------------------------------------------

		  One possible expected sequence
		  ----------------------------------------------------
		  | [1;33mLA:[0;39m
		  | [1;33m?iconst_1[0;39m
		  | [1;33m?ifeq LB[0;39m
		  | [1;33mgetchar[0;39m
		  | [1;33m?dup[0;39m
		  | [1;33m?istore_0[0;39m
		  | [1;33m?iload_0[0;39m
		  | [1;33m?pop[0;39m
		  | [1;33m?10[0;39m
		  | [1;33m?iload_0[0;39m
		  | [1;33mif.* LC[0;39m
		  | [1;33miload_1[0;39m
		  | [1;33mireturn[0;39m
		  | [1;33mLC:[0;39m
		  | [1;33m?iload_1[0;39m
		  | [1;33m?iload_0[0;39m
		  | [1;33mupdate[0;39m
		  | [1;33m?dup[0;39m
		  | [1;33mistore_1[0;39m
		  | [1;33m?iload_1[0;39m
		  | [1;33m?pop[0;39m
		  | [1;33mgoto LA[0;39m
		  ----------------------------------------------------
Running tests using compiler:
  | My bare-bones C compiler (for COM 440/540)
  | 	Written by Hanze Chen (hanzech@iastate.edu)
  | 	Version 0.1.0_5c55c46(pyrite-n3.cs.iastate.edu)
  | 	2022-05-16 13:47:09
  | 
 
dowhile1.c     :  [1;32mNo compile errors[0;39m
        Test  1:  [1;33m#1[0;39m  [1;31mFAILED[0;39m

		  Student's method
		  ----------------------------------------------------
		  ----------------------------------------------------

		  One possible expected sequence
		  ----------------------------------------------------
		  | [1;33mLA:[0;39m
		  | [1;33miload_0[0;39m
		  | [1;33miconst_1[0;39m
		  | [1;33misub[0;39m
		  | [1;33m?dup[0;39m
		  | [1;33mistore_0[0;39m
		  | [1;33m?iload_0[0;39m
		  | [1;33m?pop[0;39m
		  | [1;33m35[0;39m
		  | [1;33mputchar[0;39m
		  | [1;33m?pop[0;39m
		  | [1;33miload_0[0;39m
		  | [1;33mifne LA[0;39m
		  ----------------------------------------------------
dowhile2.c     :  [1;32mNo compile errors[0;39m
        Test  1:  [1;33m#1[0;39m  [1;31mFAILED[0;39m

		  Student's method
		  ----------------------------------------------------
		  ----------------------------------------------------

		  One possible expected sequence
		  ----------------------------------------------------
		  | [1;33mLA:[0;39m
		  | [1;33miload_0[0;39m
		  | [1;33miconst_1[0;39m
		  | [1;33misub[0;39m
		  | [1;33m?dup[0;39m
		  | [1;33mistore_0[0;39m
		  | [1;33m?iload_0[0;39m
		  | [1;33m32[0;39m
		  | [1;33miadd[0;39m
		  | [1;33mputchar[0;39m
		  | [1;33m?pop[0;39m
		  | [1;33miload_0[0;39m
		  | [1;33mifne LA[0;39m
		  ----------------------------------------------------
dowhile3.c     :  [1;32mNo compile errors[0;39m
        Test  1:  [1;33m#1[0;39m  [1;33m#2[0;39m  [1;31mFAILED[0;39m

		  Student's method
		  ----------------------------------------------------
		  ----------------------------------------------------

		  One possible expected sequence
		  ----------------------------------------------------
		  | [1;33mLA:[0;39m
		  | [1;33miload_1[0;39m
		  | [1;33m?dup[0;39m
		  | [1;33mistore_0[0;39m
		  | [1;33m?iload_0[0;39m
		  | [1;33m?pop[0;39m
		  | [1;33mgetchar[0;39m
		  | [1;33m?dup[0;39m
		  | [1;33mistore_1[0;39m
		  | [1;33m?iload_1[0;39m
		  | [1;33m32[0;39m
		  | [1;33mif_icmpgt LA[0;39m
		  ----------------------------------------------------
dowhile4.c     :  [1;32mNo compile errors[0;39m
        Test  1:  [1;33m#1[0;39m  [1;31mFAILED[0;39m

		  Student's method
		  ----------------------------------------------------
		  ----------------------------------------------------

		  One possible expected sequence
		  ----------------------------------------------------
		  | [1;33mLA:[0;39m
		  | [1;33m48[0;39m
		  | [1;33miload_0[0;39m
		  | [1;33m?dup[0;39m
		  | [1;33mistore_1[0;39m
		  | [1;33m?iload_1[0;39m
		  | [1;33miadd[0;39m
		  | [1;33mputchar[0;39m
		  | [1;33mpop[0;39m
		  | [1;33mLB:[0;39m
		  | [1;33m35[0;39m
		  | [1;33mputchar[0;39m
		  | [1;33m?pop[0;39m
		  | [1;33miload_1[0;39m
		  | [1;33miconst_1[0;39m
		  | [1;33misub[0;39m
		  | [1;33m?dup[0;39m
		  | [1;33mistore_1[0;39m
		  | [1;33m?iload_1[0;39m
		  | [1;33mifne LB[0;39m
		  | [1;33m10[0;39m
		  | [1;33mputchar[0;39m
		  | [1;33m?pop[0;39m
		  | [1;33miload_0[0;39m
		  | [1;33miconst_1[0;39m
		  | [1;33misub[0;39m
		  | [1;33m?dup[0;39m
		  | [1;33mistore_0[0;39m
		  | [1;33m?iload_0[0;39m
		  | [1;33mifne LA[0;39m
		  ----------------------------------------------------
dowhile5.c     :  [1;32mNo compile errors[0;39m
        Test  1:  [1;33m#1[0;39m  [1;33m#2[0;39m  [1;31mFAILED[0;39m

		  Student's method
		  ----------------------------------------------------
		  ----------------------------------------------------

		  One possible expected sequence
		  ----------------------------------------------------
		  | [1;33mLA:[0;39m
		  | [1;33miload_0[0;39m
		  | [1;33m10[0;39m
		  | [1;33mirem[0;39m
		  | [1;33m48[0;39m
		  | [1;33miadd[0;39m
		  | [1;33mputchar[0;39m
		  | [1;33mpop[0;39m
		  | [1;33miload_0[0;39m
		  | [1;33m10[0;39m
		  | [1;33midiv[0;39m
		  | [1;33mistore_0[0;39m
		  | [1;33miload_0[0;39m
		  | [1;33mifne LA[0;39m
		  ----------------------------------------------------
        Test  2:  [1;33m#1[0;39m  [1;33m#2[0;39m  [1;31mFAILED[0;39m

		  Student's method
		  ----------------------------------------------------
		  ----------------------------------------------------

		  One possible expected sequence
		  ----------------------------------------------------
		  | [1;33mLA:[0;39m
		  | [1;33mgetchar[0;39m
		  | [1;33mistore[0;39m
		  | [1;33m10[0;39m
		  | [1;33miload[0;39m
		  | [1;33mif_icmpne LB[0;39m
		  | [1;33m0[0;39m
		  | [1;33mistore[0;39m
		  | [1;33mgoto LC[0;39m
		  | [1;33mLB:[0;39m
		  ----------------------------------------------------
Running tests using compiler:
  | My bare-bones C compiler (for COM 440/540)
  | 	Written by Hanze Chen (hanzech@iastate.edu)
  | 	Version 0.1.0_5c55c46(pyrite-n3.cs.iastate.edu)
  | 	2022-05-16 13:47:09
  | 
 
for0.c         :  [1;32mNo compile errors[0;39m
        Test  1:  [1;33m#1[0;39m  [1;31mFAILED[0;39m

		  Student's method
		  ----------------------------------------------------
		  ----------------------------------------------------

		  One possible expected sequence
		  ----------------------------------------------------
		  | [1;33mLA:[0;39m
		  | [1;33m65[0;39m
		  | [1;33mmyput[0;39m
		  | [1;33m0[0;39m
		  | [1;33mireturn[0;39m
		  | [1;33mgoto LA[0;39m
		  ----------------------------------------------------
Running tests using compiler:
  | My bare-bones C compiler (for COM 440/540)
  | 	Written by Hanze Chen (hanzech@iastate.edu)
  | 	Version 0.1.0_5c55c46(pyrite-n3.cs.iastate.edu)
  | 	2022-05-16 13:47:09
  | 

for0.c
[1;32m    No compile errors[0;39m, running assembler
[1;31m    Target code assembly failed:[0;39m
        | for0.j:2:1: error: Expected '.class' or '.version'.
        | 
        | ^
for1.c
[1;32m    No compile errors[0;39m, running assembler
[1;31m    Target code assembly failed:[0;39m
        | for1.j:2:1: error: Expected '.class' or '.version'.
        | 
        | ^
for2.c
[1;32m    No compile errors[0;39m, running assembler
[1;31m    Target code assembly failed:[0;39m
        | for2.j:2:1: error: Expected '.class' or '.version'.
        | 
        | ^
for3.c
[1;32m    No compile errors[0;39m, running assembler
[1;31m    Target code assembly failed:[0;39m
        | for3.j:2:1: error: Expected '.class' or '.version'.
        | 
        | ^
for4.c
[1;32m    No compile errors[0;39m, running assembler
[1;31m    Target code assembly failed:[0;39m
        | for4.j:2:1: error: Expected '.class' or '.version'.
        | 
        | ^
for5.c
[1;32m    No compile errors[0;39m, running assembler
[1;31m    Target code assembly failed:[0;39m
        | for5.j:2:1: error: Expected '.class' or '.version'.
        | 
        | ^
for6.c
[1;32m    No compile errors[0;39m, running assembler
[1;31m    Target code assembly failed:[0;39m
        | for6.j:2:1: error: Expected '.class' or '.version'.
        | 
        | ^
for7.c
[1;32m    No compile errors[0;39m, running assembler
[1;31m    Target code assembly failed:[0;39m
        | for7.j:2:1: error: Expected '.class' or '.version'.
        | 
        | ^
Running tests using compiler:
  | My bare-bones C compiler (for COM 440/540)
  | 	Written by Hanze Chen (hanzech@iastate.edu)
  | 	Version 0.1.0_5c55c46(pyrite-n3.cs.iastate.edu)
  | 	2022-05-16 13:47:09
  | 

ternary1.c
[1;32m    No compile errors[0;39m, running assembler
[1;31m    Target code assembly failed:[0;39m
        | ternary1.j:2:1: error: Expected '.class' or '.version'.
        | 
        | ^
ternary2.c
[1;32m    No compile errors[0;39m, running assembler
[1;31m    Target code assembly failed:[0;39m
        | ternary2.j:2:1: error: Expected '.class' or '.version'.
        | 
        | ^
ternary3.c
[1;32m    No compile errors[0;39m, running assembler
[1;31m    Target code assembly failed:[0;39m
        | ternary3.j:2:1: error: Expected '.class' or '.version'.
        | 
        | ^
ternary4.c
[1;32m    No compile errors[0;39m, running assembler
[1;31m    Target code assembly failed:[0;39m
        | ternary4.j:2:1: error: Expected '.class' or '.version'.
        | 
        | ^
ternary5.c
[1;32m    No compile errors[0;39m, running assembler
[1;31m    Target code assembly failed:[0;39m
        | ternary5.j:2:1: error: Expected '.class' or '.version'.
        | 
        | ^
Running tests using compiler:
  | My bare-bones C compiler (for COM 440/540)
  | 	Written by Hanze Chen (hanzech@iastate.edu)
  | 	Version 0.1.0_5c55c46(pyrite-n3.cs.iastate.edu)
  | 	2022-05-16 13:47:09
  | 

break1.c
[1;31m    Unexpected compile error[0;39m
         First 20 lines of error stream:
         ---------------------------------------------------------
         | Parser error in file break1.c line 4 near text putchar
         | 	Function putchar not found
         ---------------------------------------------------------
break2.c
[1;32m    No compile errors[0;39m, running assembler
[1;31m    Target code assembly failed:[0;39m
        | break2.j:2:1: error: Expected '.class' or '.version'.
        | 
        | ^
break3.c
[1;32m    No compile errors[0;39m, running assembler
[1;31m    Target code assembly failed:[0;39m
        | break3.j:2:1: error: Expected '.class' or '.version'.
        | 
        | ^
break4.c
[1;31m    Unexpected compile error[0;39m
         First 20 lines of error stream:
         ---------------------------------------------------------
         | Parser error in file break4.c line 4 near text putchar
         | 	Function putchar not found
         ---------------------------------------------------------
break5.c
[1;32m    No compile errors[0;39m, running assembler
[1;31m    Target code assembly failed:[0;39m
        | break5.j:2:1: error: Expected '.class' or '.version'.
        | 
        | ^
Running tests using compiler:
  | My bare-bones C compiler (for COM 440/540)
  | 	Written by Hanze Chen (hanzech@iastate.edu)
  | 	Version 0.1.0_5c55c46(pyrite-n3.cs.iastate.edu)
  | 	2022-05-16 13:47:09
  | 

continue1.c
[1;32m    No compile errors[0;39m, running assembler
[1;31m    Target code assembly failed:[0;39m
        | continue1.j:2:1: error: Expected '.class' or '.version'.
        | 
        | ^
continue2.c
[1;31m    Unexpected compile error[0;39m
         First 20 lines of error stream:
         ---------------------------------------------------------
         | Parser error in file continue2.c line 4 near text putchar
         | 	Function putchar not found
         ---------------------------------------------------------
continue3.c
[1;32m    No compile errors[0;39m, running assembler
[1;31m    Target code assembly failed:[0;39m
        | continue3.j:2:1: error: Expected '.class' or '.version'.
        | 
        | ^
continue4.c
[1;31m    Unexpected compile error[0;39m
         First 20 lines of error stream:
         ---------------------------------------------------------
         | Parser error in file continue4.c line 4 near text putchar
         | 	Function putchar not found
         ---------------------------------------------------------
continue5.c
[1;32m    No compile errors[0;39m, running assembler
[1;31m    Target code assembly failed:[0;39m
        | continue5.j:2:1: error: Expected '.class' or '.version'.
        | 
        | ^
Running tests using compiler:
  | My bare-bones C compiler (for COM 440/540)
  | 	Written by Hanze Chen (hanzech@iastate.edu)
  | 	Version 0.1.0_5c55c46(pyrite-n3.cs.iastate.edu)
  | 	2022-05-16 13:47:09
  | 

compare_eq1.c
[1;32m    No compile errors[0;39m, running assembler
[1;31m    Target code assembly failed:[0;39m
        | compare_eq1.j:2:1: error: Expected '.class' or '.version'.
        | 
        | ^
compare_eq2.c
[1;32m    No compile errors[0;39m, running assembler
[1;31m    Target code assembly failed:[0;39m
        | compare_eq2.j:2:1: error: Expected '.class' or '.version'.
        | 
        | ^
compare_ge1.c
[1;32m    No compile errors[0;39m, running assembler
[1;31m    Target code assembly failed:[0;39m
        | compare_ge1.j:2:1: error: Expected '.class' or '.version'.
        | 
        | ^
compare_ge2.c
[1;32m    No compile errors[0;39m, running assembler
[1;31m    Target code assembly failed:[0;39m
        | compare_ge2.j:2:1: error: Expected '.class' or '.version'.
        | 
        | ^
compare_gt1.c
[1;32m    No compile errors[0;39m, running assembler
[1;31m    Target code assembly failed:[0;39m
        | compare_gt1.j:2:1: error: Expected '.class' or '.version'.
        | 
        | ^
compare_gt2.c
[1;32m    No compile errors[0;39m, running assembler
[1;31m    Target code assembly failed:[0;39m
        | compare_gt2.j:2:1: error: Expected '.class' or '.version'.
        | 
        | ^
compare_le1.c
[1;32m    No compile errors[0;39m, running assembler
[1;31m    Target code assembly failed:[0;39m
        | compare_le1.j:2:1: error: Expected '.class' or '.version'.
        | 
        | ^
compare_le2.c
[1;32m    No compile errors[0;39m, running assembler
[1;31m    Target code assembly failed:[0;39m
        | compare_le2.j:2:1: error: Expected '.class' or '.version'.
        | 
        | ^
compare_lt1.c
[1;32m    No compile errors[0;39m, running assembler
[1;31m    Target code assembly failed:[0;39m
        | compare_lt1.j:2:1: error: Expected '.class' or '.version'.
        | 
        | ^
compare_lt2.c
[1;32m    No compile errors[0;39m, running assembler
[1;31m    Target code assembly failed:[0;39m
        | compare_lt2.j:2:1: error: Expected '.class' or '.version'.
        | 
        | ^
compare_ne1.c
[1;32m    No compile errors[0;39m, running assembler
[1;31m    Target code assembly failed:[0;39m
        | compare_ne1.j:2:1: error: Expected '.class' or '.version'.
        | 
        | ^
compare_ne2.c
[1;32m    No compile errors[0;39m, running assembler
[1;31m    Target code assembly failed:[0;39m
        | compare_ne2.j:2:1: error: Expected '.class' or '.version'.
        | 
        | ^
Running tests using compiler:
  | My bare-bones C compiler (for COM 440/540)
  | 	Written by Hanze Chen (hanzech@iastate.edu)
  | 	Version 0.1.0_5c55c46(pyrite-n3.cs.iastate.edu)
  | 	2022-05-16 13:47:09
  | 

ss_andornot1.c
[1;32m    No compile errors[0;39m, running assembler
[1;31m    Target code assembly failed:[0;39m
        | ss_andornot1.j:2:1: error: Expected '.class' or '.version'.
        | 
        | ^
ss_andornot2.c
[1;32m    No compile errors[0;39m, running assembler
[1;31m    Target code assembly failed:[0;39m
        | ss_andornot2.j:2:1: error: Expected '.class' or '.version'.
        | 
        | ^
ss_andornot3.c
[1;31m    Unexpected compile error[0;39m
         First 20 lines of error stream:
         ---------------------------------------------------------
         | Type checking error in file ss_andornot3.c line 21 near text &&
         | 	Expect type const char but get int
         ---------------------------------------------------------
ss_andornot4.c
[1;31m    Unexpected compile error[0;39m
         First 20 lines of error stream:
         ---------------------------------------------------------
         | Type checking error in file ss_andornot4.c line 21 near text ||
         | 	Expect type const char but get int
         ---------------------------------------------------------
ss_andornot5.c
[1;31m    Unexpected compile error[0;39m
         First 20 lines of error stream:
         ---------------------------------------------------------
         | Type checking error in file ss_andornot5.c line 12 near text ||
         | 	Expect type char but get int
         ---------------------------------------------------------
Running tests using compiler:
  | My bare-bones C compiler (for COM 440/540)
  | 	Written by Hanze Chen (hanzech@iastate.edu)
  | 	Version 0.1.0_5c55c46(pyrite-n3.cs.iastate.edu)
  | 	2022-05-16 13:47:09
  | 

ss_comp1.c
[1;32m    No compile errors[0;39m, running assembler
[1;31m    Target code assembly failed:[0;39m
        | ss_comp1.j:2:1: error: Expected '.class' or '.version'.
        | 
        | ^
ss_comp2.c
[1;32m    No compile errors[0;39m, running assembler
[1;31m    Target code assembly failed:[0;39m
        | ss_comp2.j:2:1: error: Expected '.class' or '.version'.
        | 
        | ^
ss_comp3.c
[1;32m    No compile errors[0;39m, running assembler
[1;31m    Target code assembly failed:[0;39m
        | ss_comp3.j:2:1: error: Expected '.class' or '.version'.
        | 
        | ^
ss_comp4.c
[1;32m    No compile errors[0;39m, running assembler
[1;31m    Target code assembly failed:[0;39m
        | ss_comp4.j:2:1: error: Expected '.class' or '.version'.
        | 
        | ^
ss_comp5.c
[1;32m    No compile errors[0;39m, running assembler
[1;31m    Target code assembly failed:[0;39m
        | ss_comp5.j:2:1: error: Expected '.class' or '.version'.
        | 
        | ^
Running tests using compiler:
  | My bare-bones C compiler (for COM 440/540)
  | 	Written by Hanze Chen (hanzech@iastate.edu)
  | 	Version 0.1.0_5c55c46(pyrite-n3.cs.iastate.edu)
  | 	2022-05-16 13:47:09
  | 

ss_bool1.c
[1;32m    No compile errors[0;39m, running assembler
[1;31m    Target code assembly failed:[0;39m
        | ss_bool1.j:2:1: error: Expected '.class' or '.version'.
        | 
        | ^
ss_bool2.c
[1;32m    No compile errors[0;39m, running assembler
[1;31m    Target code assembly failed:[0;39m
        | ss_bool2.j:2:1: error: Expected '.class' or '.version'.
        | 
        | ^
ss_bool3.c
[1;32m    No compile errors[0;39m, running assembler
[1;31m    Target code assembly failed:[0;39m
        | ss_bool3.j:2:1: error: Expected '.class' or '.version'.
        | 
        | ^
ss_bool4.c
[1;32m    No compile errors[0;39m, running assembler
[1;31m    Target code assembly failed:[0;39m
        | ss_bool4.j:2:1: error: Expected '.class' or '.version'.
        | 
        | ^
ss_bool5.c
[1;31m    Unexpected compile error[0;39m
         First 20 lines of error stream:
         ---------------------------------------------------------
         | F20220516 15:55:48.182736 735343 FuncAnalyzer.cc:439] Assert failed: !_return_stack.empty() Return stack is empty
         | *** Check failure stack trace: ***
         |     @           0x5296aa  google::LogMessage::Fail()
         |     @           0x52c671  google::LogMessage::SendToLog()
         |     @           0x5291f7  google::LogMessage::Flush()
         |     @           0x52cd19  google::LogMessageFatal::~LogMessageFatal()
         |     @           0x46ea73  Hzcc::Codegen::JVM::FuncAnalyzer::ConsumeReturnStack()
         |     @           0x473992  Hzcc::Codegen::JVM::FuncAnalyzer::visit()
         |     @           0x4b53e5  Hzcc::AST::UnaryExpr::visit()
         |     @           0x46f380  Hzcc::Codegen::JVM::FuncAnalyzer::visit()
         |     @           0x4b1d35  Hzcc::AST::CastExpr::visit()
         |     @           0x46fb6f  Hzcc::Codegen::JVM::FuncAnalyzer::visit()
         |     @           0x4bd68d  Hzcc::AST::FunctionCall::visit()
         |     @           0x46dc49  Hzcc::Codegen::JVM::FuncAnalyzer::visit()
         |     @           0x4ba8ed  Hzcc::AST::CompoundStmt::visit()
         |     @           0x4956d5  Hzcc::Codegen::JVMGenerator::visit()
         |     @           0x4be35d  Hzcc::AST::FunctionDeclNode::visit()
         |     @           0x478172  Hzcc::Codegen::JVMGenerator::Generate()
         |     @           0x423908  main
         |     @     0x7fc71b0a2f20  __libc_start_call_main
         ---------------------------------------------------------
Running tests using compiler:
  | My bare-bones C compiler (for COM 440/540)
  | 	Written by Hanze Chen (hanzech@iastate.edu)
  | 	Version 0.1.0_5c55c46(pyrite-n3.cs.iastate.edu)
  | 	2022-05-16 13:47:09
  | 

ss_ite1.c
[1;31m    Unexpected compile error[0;39m
         First 20 lines of error stream:
         ---------------------------------------------------------
         | Type checking error in file ss_ite1.c line 30 near text &&
         | 	Expect type const char but get int
         ---------------------------------------------------------
ss_ite2.c
[1;31m    Unexpected compile error[0;39m
         First 20 lines of error stream:
         ---------------------------------------------------------
         | Type checking error in file ss_ite2.c line 30 near text ||
         | 	Expect type const char but get int
         ---------------------------------------------------------
ss_ite3.c
[1;32m    No compile errors[0;39m, running assembler
[1;31m    Target code assembly failed:[0;39m
        | ss_ite3.j:2:1: error: Expected '.class' or '.version'.
        | 
        | ^
ss_ite4.c
[1;32m    No compile errors[0;39m, running assembler
[1;31m    Target code assembly failed:[0;39m
        | ss_ite4.j:2:1: error: Expected '.class' or '.version'.
        | 
        | ^
ss_ite5.c
[1;32m    No compile errors[0;39m, running assembler
[1;31m    Target code assembly failed:[0;39m
        | ss_ite5.j:2:1: error: Expected '.class' or '.version'.
        | 
        | ^
Running tests using compiler:
  | My bare-bones C compiler (for COM 440/540)
  | 	Written by Hanze Chen (hanzech@iastate.edu)
  | 	Version 0.1.0_5c55c46(pyrite-n3.cs.iastate.edu)
  | 	2022-05-16 13:47:09
  | 

ss_while1.c
[1;31m    Unexpected compile error[0;39m
         First 20 lines of error stream:
         ---------------------------------------------------------
         | Type checking error in file ss_while1.c line 8 near text &&
         | 	Expect type char but get int
         ---------------------------------------------------------
ss_while2.c
[1;31m    Unexpected compile error[0;39m
         First 20 lines of error stream:
         ---------------------------------------------------------
         | Type checking error in file ss_while2.c line 10 near text &&
         | 	Expect type char but get int
         ---------------------------------------------------------
ss_while3.c
[1;31m    Unexpected compile error[0;39m
         First 20 lines of error stream:
         ---------------------------------------------------------
         | Type checking error in file ss_while3.c line 8 near text &&
         | 	Expect type char but get int
         ---------------------------------------------------------
ss_while4.c
[1;32m    No compile errors[0;39m, running assembler
[1;31m    Target code assembly failed:[0;39m
        | ss_while4.j:2:1: error: Expected '.class' or '.version'.
        | 
        | ^
ss_while5.c
[1;32m    No compile errors[0;39m, running assembler
[1;31m    Target code assembly failed:[0;39m
        | ss_while5.j:2:1: error: Expected '.class' or '.version'.
        | 
        | ^
Running tests using compiler:
  | My bare-bones C compiler (for COM 440/540)
  | 	Written by Hanze Chen (hanzech@iastate.edu)
  | 	Version 0.1.0_5c55c46(pyrite-n3.cs.iastate.edu)
  | 	2022-05-16 13:47:09
  | 

ss_for1.c
[1;31m    Unexpected compile error[0;39m
         First 20 lines of error stream:
         ---------------------------------------------------------
         | Type checking error in file ss_for1.c line 7 near text &&
         | 	Expect type char but get int
         ---------------------------------------------------------
ss_for2.c
[1;31m    Unexpected compile error[0;39m
         First 20 lines of error stream:
         ---------------------------------------------------------
         | Type checking error in file ss_for2.c line 7 near text &&
         | 	Expect type char but get int
         ---------------------------------------------------------
ss_for3.c
[1;32m    No compile errors[0;39m, running assembler
[1;31m    Target code assembly failed:[0;39m
        | ss_for3.j:2:1: error: Expected '.class' or '.version'.
        | 
        | ^
ss_for4.c
[1;31m    Unexpected compile error[0;39m
         First 20 lines of error stream:
         ---------------------------------------------------------
         | Type checking error in file ss_for4.c line 7 near text &&
         | 	Expect type char but get int
         ---------------------------------------------------------
ss_for5.c
[1;31m    Unexpected compile error[0;39m
         First 20 lines of error stream:
         ---------------------------------------------------------
         | Type checking error in file ss_for5.c line 10 near text &&
         | 	Expect type char but get int
         ---------------------------------------------------------
